Determining if the include file pthread.h exists failed with the following output:
Change Dir: E:/Users/Liam/Projects/Unlimited/Dependencies/glfw-3.2.1/build/CMakeFiles/CMakeTmp

Run Build Command:"C:\Program Files (x86)\Microsoft Visual Studio\2017\Community/MSBuild/15.0/Bin/MSBuild.exe" "cmTC_d8969.vcxproj" "/p:Configuration=Debug" "/p:VisualStudioVersion=15.0"
Microsoft (R) Build Engine version 15.7.177.53362 for .NET Framework
Copyright (C) Microsoft Corporation. All rights reserved.

Build started 6/22/2018 11:27:09 PM.
Project "E:\Users\Liam\Projects\Unlimited\Dependencies\glfw-3.2.1\build\CMakeFiles\CMakeTmp\cmTC_d8969.vcxproj" on node 1 (default targets).
PrepareForBuild:
  Creating directory "cmTC_d8969.dir\Debug\".
  Creating directory "E:\Users\Liam\Projects\Unlimited\Dependencies\glfw-3.2.1\build\CMakeFiles\CMakeTmp\Debug\".
  Creating directory "cmTC_d8969.dir\Debug\cmTC_d8969.tlog\".
InitializeBuildStatus:
  Creating "cmTC_d8969.dir\Debug\cmTC_d8969.tlog\unsuccessfulbuild" because "AlwaysCreate" was specified.
ClCompile:
  C:\Program Files (x86)\Microsoft Visual Studio\2017\Community\VC\Tools\MSVC\14.14.26428\bin\HostX86\x86\CL.exe /c /Zi /W3 /WX- /diagnostics:classic /Od /Ob0 /Oy- /D WIN32 /D _WINDOWS /D "CMAKE_INTDIR=\"Debug\"" /D _MBCS /Gm- /RTC1 /MDd /GS /fp:precise /Zc:wchar_t /Zc:forScope /Zc:inline /Fo"cmTC_d8969.dir\Debug\\" /Fd"cmTC_d8969.dir\Debug\vc141.pdb" /Gd /TC /analyze- /FC /errorReport:queue "E:\Users\Liam\Projects\Unlimited\Dependencies\glfw-3.2.1\build\CMakeFiles\CMakeTmp\CheckIncludeFile.c"
  Microsoft (R) C/C++ Optimizing Compiler Version 19.14.26428.1 for x86
  Copyright (C) Microsoft Corporation.  All rights reserved.
  
  cl /c /Zi /W3 /WX- /diagnostics:classic /Od /Ob0 /Oy- /D WIN32 /D _WINDOWS /D "CMAKE_INTDIR=\"Debug\"" /D _MBCS /Gm- /RTC1 /MDd /GS /fp:precise /Zc:wchar_t /Zc:forScope /Zc:inline /Fo"cmTC_d8969.dir\Debug\\" /Fd"cmTC_d8969.dir\Debug\vc141.pdb" /Gd /TC /analyze- /FC /errorReport:queue "E:\Users\Liam\Projects\Unlimited\Dependencies\glfw-3.2.1\build\CMakeFiles\CMakeTmp\CheckIncludeFile.c"
  CheckIncludeFile.c
  
e:\users\liam\projects\unlimited\dependencies\glfw-3.2.1\build\cmakefiles\cmaketmp\checkincludefile.c(1): fatal error C1083: Cannot open include file: 'pthread.h': No such file or directory [E:\Users\Liam\Projects\Unlimited\Dependencies\glfw-3.2.1\build\CMakeFiles\CMakeTmp\cmTC_d8969.vcxproj]
Done Building Project "E:\Users\Liam\Projects\Unlimited\Dependencies\glfw-3.2.1\build\CMakeFiles\CMakeTmp\cmTC_d8969.vcxproj" (default targets) -- FAILED.

Build FAILED.

"E:\Users\Liam\Projects\Unlimited\Dependencies\glfw-3.2.1\build\CMakeFiles\CMakeTmp\cmTC_d8969.vcxproj" (default target) (1) ->
(ClCompile target) -> 
  e:\users\liam\projects\unlimited\dependencies\glfw-3.2.1\build\cmakefiles\cmaketmp\checkincludefile.c(1): fatal error C1083: Cannot open include file: 'pthread.h': No such file or directory [E:\Users\Liam\Projects\Unlimited\Dependencies\glfw-3.2.1\build\CMakeFiles\CMakeTmp\cmTC_d8969.vcxproj]

    0 Warning(s)
    1 Error(s)

Time Elapsed 00:00:00.34


